[debug] [2020-07-28T02:29:05.561Z] ----------------------------------------------------------------------
[debug] [2020-07-28T02:29:05.569Z] Command:       C:\Program Files\nodejs\node.exe C:\Users\bu8886679\AppData\Roaming\npm\node_modules\firebase-tools\lib\bin\firebase.js deploy
[debug] [2020-07-28T02:29:05.575Z] CLI Version:   8.6.0
[debug] [2020-07-28T02:29:05.575Z] Platform:      win32
[debug] [2020-07-28T02:29:05.576Z] Node Version:  v12.18.2
[debug] [2020-07-28T02:29:05.582Z] Time:          Tue Jul 28 2020 11:29:05 GMT+0900 (GMT+09:00)
[debug] [2020-07-28T02:29:05.583Z] ----------------------------------------------------------------------
[debug] [2020-07-28T02:29:05.583Z] 
[debug] [2020-07-28T02:29:05.615Z] > command requires scopes: ["email","openid","https://www.googleapis.com/auth/cloudplatformprojects.readonly","https://www.googleapis.com/auth/firebase","https://www.googleapis.com/auth/cloud-platform"]
[debug] [2020-07-28T02:29:05.619Z] > authorizing via signed-in user
[debug] [2020-07-28T02:29:05.620Z] [iam] checking project w3c-check-5db0b for permissions ["firebase.projects.get","firebasehosting.sites.update"]
[debug] [2020-07-28T02:29:05.633Z] >>> HTTP REQUEST POST https://cloudresourcemanager.googleapis.com/v1/projects/w3c-check-5db0b:testIamPermissions  
 {"permissions":["firebase.projects.get","firebasehosting.sites.update"]}
[debug] [2020-07-28T02:29:06.595Z] <<< HTTP RESPONSE 200 {"content-type":"application/json; charset=UTF-8","vary":"X-Origin, Referer, Origin,Accept-Encoding","date":"Tue, 28 Jul 2020 02:29:00 GMT","server":"ESF","cache-control":"private","x-xss-protection":"0","x-frame-options":"SAMEORIGIN","x-content-type-options":"nosniff","server-timing":"gfet4t7; dur=175","alt-svc":"h3-29=\":443\"; ma=2592000,h3-27=\":443\"; ma=2592000,h3-T050=\":443\"; ma=2592000,h3-Q050=\":443\"; ma=2592000,h3-Q046=\":443\"; ma=2592000,h3-Q043=\":443\"; ma=2592000,quic=\":443\"; ma=2592000; v=\"46,43\"","accept-ranges":"none","transfer-encoding":"chunked"}
[debug] [2020-07-28T02:29:06.605Z] >>> HTTP REQUEST GET https://firebase.googleapis.com/v1beta1/projects/w3c-check-5db0b  
 
[debug] [2020-07-28T02:29:07.704Z] <<< HTTP RESPONSE 200 {"content-type":"application/json; charset=UTF-8","vary":"X-Origin, Referer, Origin,Accept-Encoding","date":"Tue, 28 Jul 2020 02:29:02 GMT","server":"ESF","cache-control":"private","x-xss-protection":"0","x-frame-options":"SAMEORIGIN","x-content-type-options":"nosniff","alt-svc":"h3-29=\":443\"; ma=2592000,h3-27=\":443\"; ma=2592000,h3-T050=\":443\"; ma=2592000,h3-Q050=\":443\"; ma=2592000,h3-Q046=\":443\"; ma=2592000,h3-Q043=\":443\"; ma=2592000,quic=\":443\"; ma=2592000; v=\"46,43\"","accept-ranges":"none","transfer-encoding":"chunked"}
[info] 
[info] === Deploying to 'w3c-check-5db0b'...
[info] 
[info] i  deploying hosting 
[debug] [2020-07-28T02:29:07.726Z] >>> HTTP REQUEST POST https://firebasehosting.googleapis.com/v1beta1/sites/w3c-check-5db0b/versions  
 {"config":{},"labels":{"deployment-tool":"cli-firebase"}}
[debug] [2020-07-28T02:29:29.077Z] Error: connect ETIMEDOUT 216.58.220.202:443
    at TCPConnectWrap.afterConnect [as oncomplete] (net.js:1141:16)
[error] 
[error] Error: Server Error. connect ETIMEDOUT 216.58.220.202:443
